<?xml version="1.0" encoding="utf-8"?><testsuites name="pytest tests"><testsuite name="pytest" errors="0" failures="0" skipped="0" tests="69" time="89.768" timestamp="2026-04-22T10:27:34.237789+00:00" hostname="agent-env-de39a3e9-c3ae-4fb5-8782-f38805846950"><testcase classname="tests.test_iter4_refactor.TestBannedImports" name="test_no_import_random_or_pickle" time="0.002" /><testcase classname="tests.test_iter4_refactor.TestBannedImports" name="test_legacy_pkl_deleted_joblib_present" time="0.000" /><testcase classname="tests.test_iter4_refactor.TestMLStatus" name="test_ml_status_ok_with_auc" time="0.449" /><testcase classname="tests.test_iter4_refactor.TestAnalyzeMLBlock" name="test_analyze_has_ml_subblock" time="10.673" /><testcase classname="tests.test_iter4_refactor.TestAdvanceLadder" name="test_ladder_branch[95-95.0]" time="0.155" /><testcase classname="tests.test_iter4_refactor.TestAdvanceLadder" name="test_ladder_branch[85-90.0]" time="0.000" /><testcase classname="tests.test_iter4_refactor.TestAdvanceLadder" name="test_ladder_branch[75-85.0]" time="0.000" /><testcase classname="tests.test_iter4_refactor.TestAdvanceLadder" name="test_ladder_branch[65-80.0]" time="0.000" /><testcase classname="tests.test_iter4_refactor.TestAdvanceLadder" name="test_ladder_branch[55-75.0]" time="0.000" /><testcase classname="tests.test_iter4_refactor.TestAdvanceLadder" name="test_ladder_branch[45-70.0]" time="0.000" /><testcase classname="tests.test_iter4_refactor.TestAdvanceLadder" name="test_ladder_branch[20-70.0]" time="0.000" /><testcase classname="tests.test_iter4_refactor.TestDriftRetrain" name="test_drift_report" time="0.521" /><testcase classname="tests.test_iter4_refactor.TestDriftRetrain" name="test_retrain_roundtrip" time="0.248" /><testcase classname="tests.test_iter4_refactor.TestContractDownloadAuth" name="test_download_with_bearer" time="0.520" /><testcase classname="tests.test_iter4_refactor.TestContractDownloadAuth" name="test_download_with_query_token" time="0.208" /><testcase classname="tests.test_iter4_refactor.TestContractDownloadAuth" name="test_download_missing_token_401" time="0.142" /><testcase classname="tests.test_iter4_refactor.TestContractDownloadAuth" name="test_download_invalid_token_401" time="0.106" /><testcase classname="tests.test_iter4_refactor.TestContractDownloadAuth" name="test_download_foreign_creator_403" time="0.441" /><testcase classname="tests.test_iter4_refactor.TestContractDownloadAuth" name="test_download_missing_contract_404" time="0.100" /><testcase classname="tests.test_mypay_api.TestAuth" name="test_register_new_creator" time="0.324" /><testcase classname="tests.test_mypay_api.TestAuth" name="test_login_creator" time="0.325" /><testcase classname="tests.test_mypay_api.TestAuth" name="test_login_admin" time="0.348" /><testcase classname="tests.test_mypay_api.TestAuth" name="test_login_invalid" time="0.374" /><testcase classname="tests.test_mypay_api.TestAuth" name="test_me_endpoint" time="0.464" /><testcase classname="tests.test_mypay_api.TestAuth" name="test_me_unauth" time="0.128" /><testcase classname="tests.test_mypay_api.TestBrands" name="test_list_brands" time="0.113" /><testcase classname="tests.test_mypay_api.TestDeals" name="test_create_deal_no_id_leak" time="0.208" /><testcase classname="tests.test_mypay_api.TestDeals" name="test_list_creator_deals_only_theirs" time="0.113" /><testcase classname="tests.test_mypay_api.TestDeals" name="test_analyze_deal_ai" time="8.636" /><testcase classname="tests.test_mypay_api.TestDeals" name="test_get_deal_detail" time="0.123" /><testcase classname="tests.test_mypay_api.TestDeals" name="test_advance_requires_scored" time="0.326" /><testcase classname="tests.test_mypay_api.TestDeals" name="test_disburse_scored_deal" time="0.228" /><testcase classname="tests.test_mypay_api.TestDashboard" name="test_summary" time="0.103" /><testcase classname="tests.test_mypay_api.TestDashboard" name="test_get_profile" time="0.126" /><testcase classname="tests.test_mypay_api.TestDashboard" name="test_update_profile" time="0.227" /><testcase classname="tests.test_mypay_api.TestAdmin" name="test_admin_list_deals" time="0.459" /><testcase classname="tests.test_mypay_api.TestAdmin" name="test_admin_stats" time="0.117" /><testcase classname="tests.test_mypay_api.TestAdmin" name="test_creator_cannot_access_admin" time="0.255" /><testcase classname="tests.test_mypay_api.TestAdmin" name="test_admin_override" time="0.255" /><testcase classname="tests.test_phase2_api.TestMLStatus" name="test_ml_status_endpoint" time="0.422" /><testcase classname="tests.test_phase2_api.TestMLStatus" name="test_analyze_includes_ml_block" time="8.779" /><testcase classname="tests.test_phase2_api.TestDashboardSummary" name="test_summary_has_phase2_fields" time="0.118" /><testcase classname="tests.test_phase2_api.TestRepayCheckout" name="test_repay_checkout_requires_disbursed" time="0.355" /><testcase classname="tests.test_phase2_api.TestRepayCheckout" name="test_repay_checkout_creates_session_and_marks_awaiting" time="9.206" /><testcase classname="tests.test_phase2_api.TestRepayCheckout" name="test_payment_status_polling" time="4.290" /><testcase classname="tests.test_phase2_api.TestRepayCheckout" name="test_payment_status_unknown_session" time="0.150" /><testcase classname="tests.test_phase2_api.TestStripeWebhook" name="test_webhook_rejects_invalid_signature" time="0.097" /><testcase classname="tests.test_phase2_api.TestAdminMarkRepaid" name="test_mark_repaid_recycles_credit" time="10.746" /><testcase classname="tests.test_phase2_api.TestAdminMarkRepaid" name="test_mark_repaid_rejects_non_outstanding" time="0.316" /><testcase classname="tests.test_phase2_api.TestAdminMarkRepaid" name="test_mark_repaid_creator_forbidden" time="0.127" /><testcase classname="tests.test_phase2_api.TestSocialConnect" name="test_connect_instagram_returns_pending_meta_review" time="0.249" /><testcase classname="tests.test_phase2_api.TestSocialConnect" name="test_connect_other_platforms[tiktok]" time="0.107" /><testcase classname="tests.test_phase2_api.TestSocialConnect" name="test_connect_other_platforms[youtube]" time="0.103" /><testcase classname="tests.test_phase2_api.TestSocialConnect" name="test_connect_other_platforms[x]" time="0.117" /><testcase classname="tests.test_phase3_api" name="test_storage_status" time="0.372" /><testcase classname="tests.test_phase3_api" name="test_contract_upload_returns_metadata" time="0.190" /><testcase classname="tests.test_phase3_api" name="test_contract_download_with_header" time="0.186" /><testcase classname="tests.test_phase3_api" name="test_contract_download_with_auth_query" time="0.209" /><testcase classname="tests.test_phase3_api" name="test_contract_download_forbidden_for_other_user" time="0.455" /><testcase classname="tests.test_phase3_api" name="test_contract_download_404_for_missing" time="0.049" /><testcase classname="tests.test_phase3_api" name="test_deal_persists_storage_path_and_size" time="0.092" /><testcase classname="tests.test_phase3_api" name="test_advance_triggers_mocked_email" time="8.661" /><testcase classname="tests.test_phase3_api" name="test_admin_emails_forbidden_for_creator" time="0.047" /><testcase classname="tests.test_phase3_api" name="test_admin_emails_sorted_desc" time="0.047" /><testcase classname="tests.test_phase3_api" name="test_maturity_sweep" time="0.046" /><testcase classname="tests.test_phase3_api" name="test_mark_repaid_labels_and_emails" time="8.866" /><testcase classname="tests.test_phase3_api" name="test_mark_default_labels" time="8.099" /><testcase classname="tests.test_phase3_api" name="test_drift_report" time="0.088" /><testcase classname="tests.test_phase3_api" name="test_retrain" time="0.228" /></testsuite></testsuites>