<?xml version="1.0" encoding="utf-8"?><testsuites name="pytest tests"><testsuite name="pytest" errors="0" failures="1" skipped="0" tests="50" time="78.904" timestamp="2026-04-22T10:22:32.684903+00:00" hostname="agent-env-de39a3e9-c3ae-4fb5-8782-f38805846950"><testcase classname="tests.test_mypay_api.TestAuth" name="test_register_new_creator" time="0.358" /><testcase classname="tests.test_mypay_api.TestAuth" name="test_login_creator" time="0.381" /><testcase classname="tests.test_mypay_api.TestAuth" name="test_login_admin" time="0.340" /><testcase classname="tests.test_mypay_api.TestAuth" name="test_login_invalid" time="0.352" /><testcase classname="tests.test_mypay_api.TestAuth" name="test_me_endpoint" time="0.424" /><testcase classname="tests.test_mypay_api.TestAuth" name="test_me_unauth" time="0.127" /><testcase classname="tests.test_mypay_api.TestBrands" name="test_list_brands" time="0.126" /><testcase classname="tests.test_mypay_api.TestDeals" name="test_create_deal_no_id_leak" time="0.234" /><testcase classname="tests.test_mypay_api.TestDeals" name="test_list_creator_deals_only_theirs" time="0.108" /><testcase classname="tests.test_mypay_api.TestDeals" name="test_analyze_deal_ai" time="8.825" /><testcase classname="tests.test_mypay_api.TestDeals" name="test_get_deal_detail" time="0.163" /><testcase classname="tests.test_mypay_api.TestDeals" name="test_advance_requires_scored" time="0.329" /><testcase classname="tests.test_mypay_api.TestDeals" name="test_disburse_scored_deal" time="0.266" /><testcase classname="tests.test_mypay_api.TestDashboard" name="test_summary" time="0.125" /><testcase classname="tests.test_mypay_api.TestDashboard" name="test_get_profile" time="0.096" /><testcase classname="tests.test_mypay_api.TestDashboard" name="test_update_profile" time="0.240" /><testcase classname="tests.test_mypay_api.TestAdmin" name="test_admin_list_deals" time="0.427" /><testcase classname="tests.test_mypay_api.TestAdmin" name="test_admin_stats" time="0.117" /><testcase classname="tests.test_mypay_api.TestAdmin" name="test_creator_cannot_access_admin" time="0.225" /><testcase classname="tests.test_mypay_api.TestAdmin" name="test_admin_override" time="0.215" /><testcase classname="tests.test_phase2_api.TestMLStatus" name="test_ml_status_endpoint" time="0.431" /><testcase classname="tests.test_phase2_api.TestMLStatus" name="test_analyze_includes_ml_block" time="8.689" /><testcase classname="tests.test_phase2_api.TestDashboardSummary" name="test_summary_has_phase2_fields" time="0.150" /><testcase classname="tests.test_phase2_api.TestRepayCheckout" name="test_repay_checkout_requires_disbursed" time="0.316" /><testcase classname="tests.test_phase2_api.TestRepayCheckout" name="test_repay_checkout_creates_session_and_marks_awaiting" time="9.779" /><testcase classname="tests.test_phase2_api.TestRepayCheckout" name="test_payment_status_polling" time="4.284"><failure message="AssertionError: assert 'pending' in ('unpaid', 'paid', 'no_payment_required')">tests/test_phase2_api.py:147: in test_payment_status_polling
    assert body["payment_status"] in ("unpaid", "paid", "no_payment_required")
E   AssertionError: assert 'pending' in ('unpaid', 'paid', 'no_payment_required')</failure></testcase><testcase classname="tests.test_phase2_api.TestRepayCheckout" name="test_payment_status_unknown_session" time="0.135" /><testcase classname="tests.test_phase2_api.TestStripeWebhook" name="test_webhook_rejects_invalid_signature" time="0.106" /><testcase classname="tests.test_phase2_api.TestAdminMarkRepaid" name="test_mark_repaid_recycles_credit" time="10.762" /><testcase classname="tests.test_phase2_api.TestAdminMarkRepaid" name="test_mark_repaid_rejects_non_outstanding" time="0.298" /><testcase classname="tests.test_phase2_api.TestAdminMarkRepaid" name="test_mark_repaid_creator_forbidden" time="0.102" /><testcase classname="tests.test_phase2_api.TestSocialConnect" name="test_connect_instagram_returns_pending_meta_review" time="0.240" /><testcase classname="tests.test_phase2_api.TestSocialConnect" name="test_connect_other_platforms[tiktok]" time="0.140" /><testcase classname="tests.test_phase2_api.TestSocialConnect" name="test_connect_other_platforms[youtube]" time="0.101" /><testcase classname="tests.test_phase2_api.TestSocialConnect" name="test_connect_other_platforms[x]" time="0.102" /><testcase classname="tests.test_phase3_api" name="test_storage_status" time="0.407" /><testcase classname="tests.test_phase3_api" name="test_contract_upload_returns_metadata" time="0.216" /><testcase classname="tests.test_phase3_api" name="test_contract_download_with_header" time="0.176" /><testcase classname="tests.test_phase3_api" name="test_contract_download_with_auth_query" time="0.225" /><testcase classname="tests.test_phase3_api" name="test_contract_download_forbidden_for_other_user" time="0.433" /><testcase classname="tests.test_phase3_api" name="test_contract_download_404_for_missing" time="0.066" /><testcase classname="tests.test_phase3_api" name="test_deal_persists_storage_path_and_size" time="0.135" /><testcase classname="tests.test_phase3_api" name="test_advance_triggers_mocked_email" time="9.592" /><testcase classname="tests.test_phase3_api" name="test_admin_emails_forbidden_for_creator" time="0.065" /><testcase classname="tests.test_phase3_api" name="test_admin_emails_sorted_desc" time="0.064" /><testcase classname="tests.test_phase3_api" name="test_maturity_sweep" time="0.073" /><testcase classname="tests.test_phase3_api" name="test_mark_repaid_labels_and_emails" time="9.365" /><testcase classname="tests.test_phase3_api" name="test_mark_default_labels" time="8.560" /><testcase classname="tests.test_phase3_api" name="test_drift_report" time="0.108" /><testcase classname="tests.test_phase3_api" name="test_retrain" time="0.175" /></testsuite></testsuites>