<?xml version="1.0" encoding="utf-8"?><testsuites name="pytest tests"><testsuite name="pytest" errors="0" failures="0" skipped="0" tests="15" time="30.208" timestamp="2026-04-22T10:08:39.478864+00:00" hostname="agent-env-de39a3e9-c3ae-4fb5-8782-f38805846950"><testcase classname="backend.tests.test_phase3_api" name="test_storage_status" time="0.388" /><testcase classname="backend.tests.test_phase3_api" name="test_contract_upload_returns_metadata" time="0.184" /><testcase classname="backend.tests.test_phase3_api" name="test_contract_download_with_header" time="0.159" /><testcase classname="backend.tests.test_phase3_api" name="test_contract_download_with_auth_query" time="0.243" /><testcase classname="backend.tests.test_phase3_api" name="test_contract_download_forbidden_for_other_user" time="0.433" /><testcase classname="backend.tests.test_phase3_api" name="test_contract_download_404_for_missing" time="0.066" /><testcase classname="backend.tests.test_phase3_api" name="test_deal_persists_storage_path_and_size" time="0.091" /><testcase classname="backend.tests.test_phase3_api" name="test_advance_triggers_mocked_email" time="11.090" /><testcase classname="backend.tests.test_phase3_api" name="test_admin_emails_forbidden_for_creator" time="0.045" /><testcase classname="backend.tests.test_phase3_api" name="test_admin_emails_sorted_desc" time="0.045" /><testcase classname="backend.tests.test_phase3_api" name="test_maturity_sweep" time="0.049" /><testcase classname="backend.tests.test_phase3_api" name="test_mark_repaid_labels_and_emails" time="8.553" /><testcase classname="backend.tests.test_phase3_api" name="test_mark_default_labels" time="8.517" /><testcase classname="backend.tests.test_phase3_api" name="test_drift_report" time="0.146" /><testcase classname="backend.tests.test_phase3_api" name="test_retrain" time="0.097" /></testsuite></testsuites>