<?xml version="1.0" encoding="utf-8"?><testsuites name="pytest tests"><testsuite name="pytest" errors="0" failures="1" skipped="0" tests="15" time="33.945" timestamp="2026-04-21T18:21:59.646985+00:00" hostname="agent-env-de39a3e9-c3ae-4fb5-8782-f38805846950"><testcase classname="backend.tests.test_phase2_api.TestMLStatus" name="test_ml_status_endpoint" time="0.642" /><testcase classname="backend.tests.test_phase2_api.TestMLStatus" name="test_analyze_includes_ml_block" time="11.526" /><testcase classname="backend.tests.test_phase2_api.TestDashboardSummary" name="test_summary_has_phase2_fields" time="0.147" /><testcase classname="backend.tests.test_phase2_api.TestRepayCheckout" name="test_repay_checkout_requires_disbursed" time="0.416" /><testcase classname="backend.tests.test_phase2_api.TestRepayCheckout" name="test_repay_checkout_creates_session_and_marks_awaiting" time="9.473" /><testcase classname="backend.tests.test_phase2_api.TestRepayCheckout" name="test_payment_status_polling" time="0.315"><failure message="AssertionError: {&quot;detail&quot;:&quot;Stripe status lookup failed: Failed to retrieve session status: Request req_c6B1czh7b0r9yY: No such checkout.session: cs_test_a16UAd9lUXThU5Pp3WQs7RaJyuAtUDwfGDj0Sh6mu6dmLIGmjLVwH8vbe5&quot;}&#10;assert 502 == 200&#10; +  where 502 = &lt;Response [502]&gt;.status_code">backend/tests/test_phase2_api.py:142: in test_payment_status_polling
    assert r.status_code == 200, r.text
E   AssertionError: {"detail":"Stripe status lookup failed: Failed to retrieve session status: Request req_c6B1czh7b0r9yY: No such checkout.session: cs_test_a16UAd9lUXThU5Pp3WQs7RaJyuAtUDwfGDj0Sh6mu6dmLIGmjLVwH8vbe5"}
E   assert 502 == 200
E    +  where 502 = &lt;Response [502]&gt;.status_code</failure></testcase><testcase classname="backend.tests.test_phase2_api.TestRepayCheckout" name="test_payment_status_unknown_session" time="0.128" /><testcase classname="backend.tests.test_phase2_api.TestStripeWebhook" name="test_webhook_rejects_invalid_signature" time="0.245" /><testcase classname="backend.tests.test_phase2_api.TestAdminMarkRepaid" name="test_mark_repaid_recycles_credit" time="9.672" /><testcase classname="backend.tests.test_phase2_api.TestAdminMarkRepaid" name="test_mark_repaid_rejects_non_outstanding" time="0.419" /><testcase classname="backend.tests.test_phase2_api.TestAdminMarkRepaid" name="test_mark_repaid_creator_forbidden" time="0.113" /><testcase classname="backend.tests.test_phase2_api.TestSocialConnect" name="test_connect_instagram_returns_pending_meta_review" time="0.246" /><testcase classname="backend.tests.test_phase2_api.TestSocialConnect" name="test_connect_other_platforms[tiktok]" time="0.112" /><testcase classname="backend.tests.test_phase2_api.TestSocialConnect" name="test_connect_other_platforms[youtube]" time="0.241" /><testcase classname="backend.tests.test_phase2_api.TestSocialConnect" name="test_connect_other_platforms[x]" time="0.136" /></testsuite></testsuites>