<?xml version="1.0" encoding="utf-8"?><testsuites name="pytest tests"><testsuite name="pytest" errors="0" failures="0" skipped="0" tests="20" time="16.272" timestamp="2026-04-21T18:02:47.010399+00:00" hostname="agent-env-de39a3e9-c3ae-4fb5-8782-f38805846950"><testcase classname="backend.tests.test_mypay_api.TestAuth" name="test_register_new_creator" time="0.483" /><testcase classname="backend.tests.test_mypay_api.TestAuth" name="test_login_creator" time="0.367" /><testcase classname="backend.tests.test_mypay_api.TestAuth" name="test_login_admin" time="0.385" /><testcase classname="backend.tests.test_mypay_api.TestAuth" name="test_login_invalid" time="0.405" /><testcase classname="backend.tests.test_mypay_api.TestAuth" name="test_me_endpoint" time="0.518" /><testcase classname="backend.tests.test_mypay_api.TestAuth" name="test_me_unauth" time="0.154" /><testcase classname="backend.tests.test_mypay_api.TestBrands" name="test_list_brands" time="0.133" /><testcase classname="backend.tests.test_mypay_api.TestDeals" name="test_create_deal_no_id_leak" time="0.239" /><testcase classname="backend.tests.test_mypay_api.TestDeals" name="test_list_creator_deals_only_theirs" time="0.134" /><testcase classname="backend.tests.test_mypay_api.TestDeals" name="test_analyze_deal_ai" time="10.710" /><testcase classname="backend.tests.test_mypay_api.TestDeals" name="test_get_deal_detail" time="0.142" /><testcase classname="backend.tests.test_mypay_api.TestDeals" name="test_advance_requires_scored" time="0.399" /><testcase classname="backend.tests.test_mypay_api.TestDeals" name="test_disburse_scored_deal" time="0.300" /><testcase classname="backend.tests.test_mypay_api.TestDashboard" name="test_summary" time="0.119" /><testcase classname="backend.tests.test_mypay_api.TestDashboard" name="test_get_profile" time="0.125" /><testcase classname="backend.tests.test_mypay_api.TestDashboard" name="test_update_profile" time="0.347" /><testcase classname="backend.tests.test_mypay_api.TestAdmin" name="test_admin_list_deals" time="0.479" /><testcase classname="backend.tests.test_mypay_api.TestAdmin" name="test_admin_stats" time="0.107" /><testcase classname="backend.tests.test_mypay_api.TestAdmin" name="test_creator_cannot_access_admin" time="0.262" /><testcase classname="backend.tests.test_mypay_api.TestAdmin" name="test_admin_override" time="0.331" /></testsuite></testsuites>